<?xml version="1.0" encoding="UTF-8"?>
<!-- Generated by org.testng.reporters.JUnitXMLReporter -->
<testsuite ignored="0" hostname="Kumararaja" failures="0" tests="3" name="Test" time="34.521" errors="0" timestamp="2025-01-10T16:47:31 IST">
  <testcase classname="com.mdk.AppTest" name="testInValidLogin" time="0.021"/>
  <testcase classname="com.mdk.AppTest" name="testValidLogin" time="0.001"/>
  <testcase classname="com.mdk.BasicTestCase" name="loginTest" time="34.453"/>
</testsuite> <!-- Test -->
