<?xml version="1.0" encoding="UTF-8"?>
<testng-results ignored="0" total="3" passed="3" failed="0" skipped="0">
  <reporter-output>
  </reporter-output>
  <suite started-at="2025-01-10T16:46:56 IST" name="Suite" finished-at="2025-01-10T16:47:31 IST" duration-ms="34521">
    <groups>
    </groups>
    <test started-at="2025-01-10T16:46:56 IST" name="Test" finished-at="2025-01-10T16:47:31 IST" duration-ms="34521">
      <class name="com.mdk.AppTest">
        <test-method signature="testInValidLogin()[pri:0, instance:com.mdk.AppTest@3bcbb589]" started-at="2025-01-10T16:46:56 IST" name="testInValidLogin" finished-at="2025-01-10T16:46:56 IST" duration-ms="21" status="PASS">
          <reporter-output>
          </reporter-output>
        </test-method> <!-- testInValidLogin -->
        <test-method signature="testValidLogin()[pri:0, instance:com.mdk.AppTest@3bcbb589]" started-at="2025-01-10T16:46:56 IST" name="testValidLogin" finished-at="2025-01-10T16:46:56 IST" duration-ms="1" status="PASS">
          <reporter-output>
          </reporter-output>
        </test-method> <!-- testValidLogin -->
      </class> <!-- com.mdk.AppTest -->
      <class name="com.mdk.BasicTestCase">
        <test-method signature="loginTest()[pri:0, instance:com.mdk.BasicTestCase@41dd05a]" started-at="2025-01-10T16:46:56 IST" name="loginTest" finished-at="2025-01-10T16:47:31 IST" duration-ms="34453" status="PASS">
          <reporter-output>
          </reporter-output>
        </test-method> <!-- loginTest -->
      </class> <!-- com.mdk.BasicTestCase -->
    </test> <!-- Test -->
  </suite> <!-- Suite -->
</testng-results>
