<?xml version="1.0" encoding="UTF-8"?>
<testng-results ignored="0" total="3" passed="3" failed="0" skipped="0">
  <reporter-output>
  </reporter-output>
  <suite started-at="2024-12-10T18:04:50 IST" name="Suite" finished-at="2024-12-10T18:04:57 IST" duration-ms="7274">
    <groups>
    </groups>
    <test started-at="2024-12-10T18:04:50 IST" name="Test" finished-at="2024-12-10T18:04:57 IST" duration-ms="7274">
      <class name="com.mdk.AppTest">
        <test-method signature="testInValidLogin()[pri:0, instance:com.mdk.AppTest@5ccbeb64]" started-at="2024-12-10T18:04:50 IST" name="testInValidLogin" finished-at="2024-12-10T18:04:50 IST" duration-ms="17" status="PASS">
          <reporter-output>
          </reporter-output>
        </test-method> <!-- testInValidLogin -->
        <test-method signature="testValidLogin()[pri:0, instance:com.mdk.AppTest@5ccbeb64]" started-at="2024-12-10T18:04:50 IST" name="testValidLogin" finished-at="2024-12-10T18:04:50 IST" duration-ms="0" status="PASS">
          <reporter-output>
          </reporter-output>
        </test-method> <!-- testValidLogin -->
      </class> <!-- com.mdk.AppTest -->
      <class name="com.mdk.BasicTestCase">
        <test-method signature="loginTest()[pri:0, instance:com.mdk.BasicTestCase@6c45ee6e]" started-at="2024-12-10T18:04:50 IST" name="loginTest" finished-at="2024-12-10T18:04:57 IST" duration-ms="7215" status="PASS">
          <reporter-output>
          </reporter-output>
        </test-method> <!-- loginTest -->
      </class> <!-- com.mdk.BasicTestCase -->
    </test> <!-- Test -->
  </suite> <!-- Suite -->
</testng-results>
